;  LST file generated by mikroListExporter - v.2.0 
; Date/Time: 23.9.2020. 15:43:20
;----------------------------------------------

;Address Opcode 	ASM
0x0000	0xF001EF7D  	GOTO        762
_interrupt:
;garage.c,57 :: 		void interrupt()
0x0008	0xF015C000  	MOVFF       R0, 21
;garage.c,60 :: 		if(INTCON.TMR0IF)
0x000C	0xA4F2      	BTFSS       INTCON, 2 
0x000E	0xD00D      	BRA         L_interrupt0
;garage.c,62 :: 		cnt++;
0x0010	0x2A17      	INCF        _cnt, 1 
;garage.c,64 :: 		TMR0L = 0x00;
0x0012	0x6AD6      	CLRF        TMR0L 
;garage.c,65 :: 		TMR0H = 0x00;
0x0014	0x6AD7      	CLRF        TMR0H 
;garage.c,67 :: 		if(cnt >= 1)
0x0016	0x0E01      	MOVLW       1
0x0018	0x5C17      	SUBWF       _cnt, 0 
0x001A	0xE306      	BNC         L_interrupt1
;garage.c,70 :: 		T0CON.TMR0ON = 0;
0x001C	0x9ED5      	BCF         T0CON, 7 
;garage.c,73 :: 		BULB = 0;
0x001E	0x9689      	BCF         LATA, 3 
;garage.c,74 :: 		LED_LIGHT1 = 0;
0x0020	0x9289      	BCF         LATA, 1 
;garage.c,75 :: 		LED_LIGHT2 = 0;
0x0022	0x9489      	BCF         LATA, 2 
;garage.c,77 :: 		Sleep_Start();
0x0024	0xD8D0      	RCALL       _Sleep_Start
;garage.c,79 :: 		cnt = 0;
0x0026	0x6A17      	CLRF        _cnt 
;garage.c,80 :: 		}
L_interrupt1:
;garage.c,81 :: 		INTCON.TMR0IF = 0;
0x0028	0x94F2      	BCF         INTCON, 2 
;garage.c,82 :: 		}
L_interrupt0:
;garage.c,85 :: 		if(INTCON3.INT1IF)
0x002A	0xB0F0      	BTFSC       INTCON3, 0 
;garage.c,87 :: 		INTCON3.INT1IF = 0;
0x002C	0x90F0      	BCF         INTCON3, 0 
;garage.c,88 :: 		}
L_interrupt2:
;garage.c,91 :: 		if(INTCON3.INT2IF)
0x002E	0xB2F0      	BTFSC       INTCON3, 1 
;garage.c,93 :: 		INTCON3.INT2IF = 0;
0x0030	0x92F0      	BCF         INTCON3, 1 
;garage.c,94 :: 		}
L_interrupt3:
;garage.c,95 :: 		}
L_end_interrupt:
L__interrupt79:
0x0032	0xF000C015  	MOVFF       21, R0
0x0036	0x0011      	RETFIE      1
; end of _interrupt
_Mul_16X16_U:
;__Lib_Math.c,440 :: 		
;__Lib_Math.c,447 :: 		
0x0038	0x6A0B      	CLRF        R11, 0
;__Lib_Math.c,448 :: 		
0x003A	0x6A0A      	CLRF        R10, 0
;__Lib_Math.c,449 :: 		
0x003C	0x6A09      	CLRF        R9, 0
;__Lib_Math.c,450 :: 		
0x003E	0x5000      	MOVF        R0, 0, 0
;__Lib_Math.c,451 :: 		
0x0040	0x0204      	MULWF       R4, 0
;__Lib_Math.c,453 :: 		
0x0042	0xF009CFF4  	MOVFF       PRODH, R9
;__Lib_Math.c,454 :: 		
0x0046	0xF008CFF3  	MOVFF       PRODL, R8
;__Lib_Math.c,455 :: 		
0x004A	0x5001      	MOVF        R1, 0, 0
;__Lib_Math.c,456 :: 		
0x004C	0x0205      	MULWF       R5, 0
;__Lib_Math.c,458 :: 		
0x004E	0xF00BCFF4  	MOVFF       PRODH, R11
;__Lib_Math.c,459 :: 		
0x0052	0xF00ACFF3  	MOVFF       PRODL, R10
;__Lib_Math.c,460 :: 		
0x0056	0x5000      	MOVF        R0, 0, 0
;__Lib_Math.c,461 :: 		
0x0058	0x0205      	MULWF       R5, 0
;__Lib_Math.c,463 :: 		
0x005A	0x50F3      	MOVF        PRODL, 0, 0
;__Lib_Math.c,464 :: 		
0x005C	0x2609      	ADDWF       R9, 1, 0
;__Lib_Math.c,465 :: 		
0x005E	0x50F4      	MOVF        PRODH, 0, 0
;__Lib_Math.c,466 :: 		
0x0060	0x220A      	ADDWFC      R10, 1, 0
;__Lib_Math.c,467 :: 		
0x0062	0x6AE8      	CLRF        WREG, 0
;__Lib_Math.c,468 :: 		
0x0064	0x220B      	ADDWFC      R11, 1, 0
;__Lib_Math.c,469 :: 		
0x0066	0x5001      	MOVF        R1, 0, 0
;__Lib_Math.c,470 :: 		
0x0068	0x0204      	MULWF       R4, 0
;__Lib_Math.c,472 :: 		
0x006A	0x50F3      	MOVF        PRODL, 0, 0
;__Lib_Math.c,473 :: 		
0x006C	0x2609      	ADDWF       R9, 1, 0
;__Lib_Math.c,474 :: 		
0x006E	0x50F4      	MOVF        PRODH, 0, 0
;__Lib_Math.c,475 :: 		
0x0070	0x220A      	ADDWFC      R10, 1, 0
;__Lib_Math.c,476 :: 		
0x0072	0x6AE8      	CLRF        WREG, 0
;__Lib_Math.c,477 :: 		
0x0074	0x220B      	ADDWFC      R11, 1, 0
;__Lib_Math.c,479 :: 		
0x0076	0xF000C008  	MOVFF       R8, R0
;__Lib_Math.c,480 :: 		
0x007A	0xF001C009  	MOVFF       R9, R1
;__Lib_Math.c,481 :: 		
0x007E	0xF002C00A  	MOVFF       R10, R2
;__Lib_Math.c,482 :: 		
0x0082	0xF003C00B  	MOVFF       R11, R3
;__Lib_Math.c,485 :: 		
L_end_Mul_16X16_U:
0x0086	0x0012      	RETURN      0
; end of _Mul_16X16_U
_PWM2_Stop:
;__Lib_PWM_c21.c,25 :: 		
;__Lib_PWM_c21.c,26 :: 		
0x0088	0x8294      	BSF         TRISC1_bit, BitPos(TRISC1_bit+0) 
;__Lib_PWM_c21.c,27 :: 		
0x008A	0x0EF0      	MOVLW       240
0x008C	0x1666      	ANDWF       CCP2CON, 1 
;__Lib_PWM_c21.c,28 :: 		
L_end_PWM2_Stop:
0x008E	0x0012      	RETURN      0
; end of _PWM2_Stop
_PWM1_Set_Duty:
;__Lib_PWM_c21.c,42 :: 		
;__Lib_PWM_c21.c,46 :: 		
0x0090	0x50BB      	MOVF        PR2, 0 
0x0092	0x0F01      	ADDLW       1
0x0094	0x6E00      	MOVWF       R0 
0x0096	0x6A01      	CLRF        R1 
0x0098	0x0E00      	MOVLW       0
0x009A	0x2201      	ADDWFC      R1, 1 
0x009C	0xF004C021  	MOVFF       FARG_PWM1_Set_Duty_new_duty, R4
0x00A0	0x0E00      	MOVLW       0
0x00A2	0x6E05      	MOVWF       R5 
0x00A4	0xDFC9      	RCALL       _Mul_16X16_U
0x00A6	0x0E06      	MOVLW       6
0x00A8	0x6E02      	MOVWF       R2 
0x00AA	0xF004C000  	MOVFF       R0, R4
0x00AE	0xF005C001  	MOVFF       R1, R5
0x00B2	0x5002      	MOVF        R2, 0 
L__PWM1_Set_Duty10:
0x00B4	0xE005      	BZ          L__PWM1_Set_Duty11
0x00B6	0x3205      	RRCF        R5, 1 
0x00B8	0x3204      	RRCF        R4, 1 
0x00BA	0x9E05      	BCF         R5, 7 
0x00BC	0x0FFF      	ADDLW       255
0x00BE	0xD7FA      	BRA         L__PWM1_Set_Duty10
L__PWM1_Set_Duty11:
;__Lib_PWM_c21.c,47 :: 		
0x00C0	0x0E04      	MOVLW       4
0x00C2	0x6E01      	MOVWF       R1 
0x00C4	0xF000C004  	MOVFF       R4, R0
0x00C8	0x5001      	MOVF        R1, 0 
L__PWM1_Set_Duty12:
0x00CA	0xE004      	BZ          L__PWM1_Set_Duty13
0x00CC	0x3600      	RLCF        R0, 1 
0x00CE	0x9000      	BCF         R0, 0 
0x00D0	0x0FFF      	ADDLW       255
0x00D2	0xD7FB      	BRA         L__PWM1_Set_Duty12
L__PWM1_Set_Duty13:
0x00D4	0x0E30      	MOVLW       48
0x00D6	0x1400      	ANDWF       R0, 0 
0x00D8	0x6E03      	MOVWF       R3 
;__Lib_PWM_c21.c,48 :: 		
0x00DA	0xF000C004  	MOVFF       R4, R0
0x00DE	0xF001C005  	MOVFF       R5, R1
0x00E2	0x3201      	RRCF        R1, 1 
0x00E4	0x3200      	RRCF        R0, 1 
0x00E6	0x9E01      	BCF         R1, 7 
0x00E8	0x3201      	RRCF        R1, 1 
0x00EA	0x3200      	RRCF        R0, 1 
0x00EC	0x9E01      	BCF         R1, 7 
0x00EE	0xFFBEC000  	MOVFF       R0, CCPR1L
;__Lib_PWM_c21.c,49 :: 		
0x00F2	0x0E0F      	MOVLW       15
0x00F4	0x16BD      	ANDWF       CCP1CON, 1 
;__Lib_PWM_c21.c,50 :: 		
0x00F6	0x5003      	MOVF        R3, 0 
0x00F8	0x12BD      	IORWF       CCP1CON, 1 
;__Lib_PWM_c21.c,51 :: 		
L_end_PWM1_Set_Duty:
0x00FA	0x0012      	RETURN      0
; end of _PWM1_Set_Duty
_Delay_500us:
;__Lib_Delays.c,27 :: 		void Delay_500us() {
;__Lib_Delays.c,28 :: 		Delay_us(498);
0x00FC	0x0E02      	MOVLW       2
0x00FE	0x6E0C      	MOVWF       R12, 0
0x0100	0x0E49      	MOVLW       73
0x0102	0x6E0D      	MOVWF       R13, 0
L_Delay_500us4:
0x0104	0x2E0D      	DECFSZ      R13, 1, 0
0x0106	0xD7FE      	BRA         L_Delay_500us4
0x0108	0x2E0C      	DECFSZ      R12, 1, 0
0x010A	0xD7FC      	BRA         L_Delay_500us4
0x010C	0x0000      	NOP
0x010E	0x0000      	NOP
;__Lib_Delays.c,29 :: 		}
L_end_Delay_500us:
0x0110	0x0012      	RETURN      0
; end of _Delay_500us
_Timer_Start:
;garage.c,214 :: 		void Timer_Start()
;garage.c,217 :: 		T0CON = 0b00000111;
0x0112	0x0E07      	MOVLW       7
0x0114	0x6ED5      	MOVWF       T0CON 
;garage.c,218 :: 		TMR0L = 0x00;
0x0116	0x6AD6      	CLRF        TMR0L 
;garage.c,219 :: 		TMR0H = 0x00;
0x0118	0x6AD7      	CLRF        TMR0H 
;garage.c,220 :: 		INTCON.TMR0IE = 1;
0x011A	0x8AF2      	BSF         INTCON, 5 
;garage.c,221 :: 		T0CON.TMR0ON = 1;
0x011C	0x8ED5      	BSF         T0CON, 7 
;garage.c,222 :: 		}
L_end_Timer_Start:
0x011E	0x0012      	RETURN      0
; end of _Timer_Start
_PWM1_Stop:
;__Lib_PWM_c21.c,59 :: 		
;__Lib_PWM_c21.c,60 :: 		
0x0120	0x8494      	BSF         TRISC2_bit, BitPos(TRISC2_bit+0) 
;__Lib_PWM_c21.c,61 :: 		
0x0122	0x0EF0      	MOVLW       240
0x0124	0x16BD      	ANDWF       CCP1CON, 1 
;__Lib_PWM_c21.c,62 :: 		
L_end_PWM1_Stop:
0x0126	0x0012      	RETURN      0
; end of _PWM1_Stop
_PWM1_Init:
;__Lib_PWM_c21.c,35 :: 		
;__Lib_PWM_c21.c,36 :: 		
;__Lib_PWM_c21.c,37 :: 		
0x0128	0x6ABE      	CLRF        CCPR1L 
;__Lib_PWM_c21.c,38 :: 		
0x012A	0x98BD      	BCF         CCP1CON, 4 
;__Lib_PWM_c21.c,39 :: 		
0x012C	0x9ABD      	BCF         CCP1CON, 5 
;__Lib_PWM_c21.c,40 :: 		
L_end_PWM1_Init:
0x012E	0x0012      	RETURN      0
; end of _PWM1_Init
_PWM2_Set_Duty:
;__Lib_PWM_c21.c,8 :: 		
;__Lib_PWM_c21.c,12 :: 		
0x0130	0x50BB      	MOVF        PR2, 0 
0x0132	0x0F01      	ADDLW       1
0x0134	0x6E00      	MOVWF       R0 
0x0136	0x6A01      	CLRF        R1 
0x0138	0x0E00      	MOVLW       0
0x013A	0x2201      	ADDWFC      R1, 1 
0x013C	0xF004C021  	MOVFF       FARG_PWM2_Set_Duty_new_duty, R4
0x0140	0x0E00      	MOVLW       0
0x0142	0x6E05      	MOVWF       R5 
0x0144	0xDF79      	RCALL       _Mul_16X16_U
0x0146	0x0E06      	MOVLW       6
0x0148	0x6E02      	MOVWF       R2 
0x014A	0xF004C000  	MOVFF       R0, R4
0x014E	0xF005C001  	MOVFF       R1, R5
0x0152	0x5002      	MOVF        R2, 0 
L__PWM2_Set_Duty2:
0x0154	0xE005      	BZ          L__PWM2_Set_Duty3
0x0156	0x3205      	RRCF        R5, 1 
0x0158	0x3204      	RRCF        R4, 1 
0x015A	0x9E05      	BCF         R5, 7 
0x015C	0x0FFF      	ADDLW       255
0x015E	0xD7FA      	BRA         L__PWM2_Set_Duty2
L__PWM2_Set_Duty3:
;__Lib_PWM_c21.c,13 :: 		
0x0160	0x0E04      	MOVLW       4
0x0162	0x6E01      	MOVWF       R1 
0x0164	0xF000C004  	MOVFF       R4, R0
0x0168	0x5001      	MOVF        R1, 0 
L__PWM2_Set_Duty4:
0x016A	0xE004      	BZ          L__PWM2_Set_Duty5
0x016C	0x3600      	RLCF        R0, 1 
0x016E	0x9000      	BCF         R0, 0 
0x0170	0x0FFF      	ADDLW       255
0x0172	0xD7FB      	BRA         L__PWM2_Set_Duty4
L__PWM2_Set_Duty5:
0x0174	0x0E30      	MOVLW       48
0x0176	0x1400      	ANDWF       R0, 0 
0x0178	0x6E03      	MOVWF       R3 
;__Lib_PWM_c21.c,14 :: 		
0x017A	0xF000C004  	MOVFF       R4, R0
0x017E	0xF001C005  	MOVFF       R5, R1
0x0182	0x3201      	RRCF        R1, 1 
0x0184	0x3200      	RRCF        R0, 1 
0x0186	0x9E01      	BCF         R1, 7 
0x0188	0x3201      	RRCF        R1, 1 
0x018A	0x3200      	RRCF        R0, 1 
0x018C	0x9E01      	BCF         R1, 7 
0x018E	0xFF67C000  	MOVFF       R0, CCPR2L
;__Lib_PWM_c21.c,15 :: 		
0x0192	0x0E0F      	MOVLW       15
0x0194	0x1666      	ANDWF       CCP2CON, 1 
;__Lib_PWM_c21.c,16 :: 		
0x0196	0x5003      	MOVF        R3, 0 
0x0198	0x1266      	IORWF       CCP2CON, 1 
;__Lib_PWM_c21.c,17 :: 		
L_end_PWM2_Set_Duty:
0x019A	0x0012      	RETURN      0
; end of _PWM2_Set_Duty
_PWM2_Start:
;__Lib_PWM_c21.c,19 :: 		
;__Lib_PWM_c21.c,20 :: 		
0x019C	0x9294      	BCF         TRISC1_bit, BitPos(TRISC1_bit+0) 
;__Lib_PWM_c21.c,21 :: 		
0x019E	0x84BA      	BSF         T2CON, 2 
;__Lib_PWM_c21.c,22 :: 		
0x01A0	0x0E0C      	MOVLW       12
0x01A2	0x1266      	IORWF       CCP2CON, 1 
;__Lib_PWM_c21.c,23 :: 		
L_end_PWM2_Start:
0x01A4	0x0012      	RETURN      0
; end of _PWM2_Start
_PWM1_Start:
;__Lib_PWM_c21.c,53 :: 		
;__Lib_PWM_c21.c,54 :: 		
0x01A6	0x9494      	BCF         TRISC2_bit, BitPos(TRISC2_bit+0) 
;__Lib_PWM_c21.c,55 :: 		
0x01A8	0x84BA      	BSF         T2CON, 2 
;__Lib_PWM_c21.c,56 :: 		
0x01AA	0x0E0C      	MOVLW       12
0x01AC	0x12BD      	IORWF       CCP1CON, 1 
;__Lib_PWM_c21.c,57 :: 		
L_end_PWM1_Start:
0x01AE	0x0012      	RETURN      0
; end of _PWM1_Start
_PWM2_Init:
;__Lib_PWM_c21.c,1 :: 		
;__Lib_PWM_c21.c,2 :: 		
;__Lib_PWM_c21.c,3 :: 		
0x01B0	0x6A67      	CLRF        CCPR2L 
;__Lib_PWM_c21.c,4 :: 		
0x01B2	0x9866      	BCF         CCP2CON, 4 
;__Lib_PWM_c21.c,5 :: 		
0x01B4	0x9A66      	BCF         CCP2CON, 5 
;__Lib_PWM_c21.c,6 :: 		
L_end_PWM2_Init:
0x01B6	0x0012      	RETURN      0
; end of _PWM2_Init
_Door_Close_Slow:
;garage.c,180 :: 		void Door_Close_Slow()
;garage.c,182 :: 		BRIDGE1_ENABLE = 1;
0x01B8	0x8A8A      	BSF         LATB, 5 
;garage.c,183 :: 		BRIDGE2_ENABLE = 1;
0x01BA	0x828C      	BSF         LATD, 1 
;garage.c,185 :: 		PWM2_Set_Duty(80);
0x01BC	0x0E50      	MOVLW       80
0x01BE	0x6E21      	MOVWF       FARG_PWM2_Set_Duty_new_duty 
0x01C0	0xDFB7      	RCALL       _PWM2_Set_Duty
;garage.c,186 :: 		PWM2_Start();
0x01C2	0xDFEC      	RCALL       _PWM2_Start
;garage.c,187 :: 		}
L_end_Door_Close_Slow:
0x01C4	0x0012      	RETURN      0
; end of _Door_Close_Slow
_Sleep_Start:
;garage.c,50 :: 		void Sleep_Start()
;garage.c,52 :: 		OSCCON.IDLEN = 0;
0x01C6	0x9ED3      	BCF         OSCCON, 7 
;garage.c,53 :: 		asm sleep;
0x01C8	0x0003      	SLEEP
;garage.c,54 :: 		}
L_end_Sleep_Start:
0x01CA	0x0012      	RETURN      0
; end of _Sleep_Start
_MCU_Init:
;garage.c,98 :: 		void MCU_Init()
;garage.c,100 :: 		ANSELA=0x00;
0x01CC	0x010F      	MOVLB       15
0x01CE	0x6B38      	CLRF        ANSELA, 1
;garage.c,101 :: 		ANSELB=0x00;
0x01D0	0x6B39      	CLRF        ANSELB, 1
;garage.c,102 :: 		ANSELC=0x00;
0x01D2	0x6B3A      	CLRF        ANSELC, 1
;garage.c,103 :: 		ANSELD=0x00;
0x01D4	0x6B3B      	CLRF        ANSELD, 1
;garage.c,104 :: 		ANSELE=0x00;
0x01D6	0x6B3C      	CLRF        ANSELE, 1
;garage.c,105 :: 		TRISA=0x00;
0x01D8	0x6A92      	CLRF        TRISA 
;garage.c,106 :: 		TRISB=0b00011111;
0x01DA	0x0E1F      	MOVLW       31
0x01DC	0x6E93      	MOVWF       TRISB 
;garage.c,107 :: 		TRISC=0x00;
0x01DE	0x6A94      	CLRF        TRISC 
;garage.c,108 :: 		TRISD=0x00;
0x01E0	0x6A95      	CLRF        TRISD 
;garage.c,109 :: 		TRISE=0b00000011;
0x01E2	0x0E03      	MOVLW       3
0x01E4	0x6E96      	MOVWF       TRISE 
;garage.c,110 :: 		LATA=0x00;
0x01E6	0x6A89      	CLRF        LATA 
;garage.c,111 :: 		LATB=0x00;
0x01E8	0x6A8A      	CLRF        LATB 
;garage.c,112 :: 		LATC=0x00;
0x01EA	0x6A8B      	CLRF        LATC 
;garage.c,113 :: 		LATD=0x00;
0x01EC	0x6A8C      	CLRF        LATD 
;garage.c,114 :: 		LATE=0x00;
0x01EE	0x6A8D      	CLRF        LATE 
;garage.c,116 :: 		PWM1_Init(5000);
0x01F0	0x80BA      	BSF         T2CON, 0, 0
0x01F2	0x92BA      	BCF         T2CON, 1, 0
0x01F4	0x0E63      	MOVLW       99
0x01F6	0x6EBB      	MOVWF       PR2, 0
0x01F8	0xDF97      	RCALL       _PWM1_Init
;garage.c,117 :: 		PWM2_Init(5000);
0x01FA	0x80BA      	BSF         T2CON, 0, 0
0x01FC	0x92BA      	BCF         T2CON, 1, 0
0x01FE	0x0E63      	MOVLW       99
0x0200	0x6EBB      	MOVWF       PR2, 0
0x0202	0xDFD6      	RCALL       _PWM2_Init
;garage.c,119 :: 		Delay_ms(150);
0x0204	0x0E02      	MOVLW       2
0x0206	0x6E0B      	MOVWF       R11, 0
0x0208	0x0E86      	MOVLW       134
0x020A	0x6E0C      	MOVWF       R12, 0
0x020C	0x0E99      	MOVLW       153
0x020E	0x6E0D      	MOVWF       R13, 0
L_MCU_Init4:
0x0210	0x2E0D      	DECFSZ      R13, 1, 0
0x0212	0xD7FE      	BRA         L_MCU_Init4
0x0214	0x2E0C      	DECFSZ      R12, 1, 0
0x0216	0xD7FC      	BRA         L_MCU_Init4
0x0218	0x2E0B      	DECFSZ      R11, 1, 0
0x021A	0xD7FA      	BRA         L_MCU_Init4
;garage.c,120 :: 		}
L_end_MCU_Init:
0x021C	0x0012      	RETURN      0
; end of _MCU_Init
_Interrupt_Init:
;garage.c,190 :: 		void Interrupt_Init()
;garage.c,193 :: 		INTCON.GIE = 1;
0x021E	0x8EF2      	BSF         INTCON, 7 
;garage.c,196 :: 		INTCON.PEIE = 1;
0x0220	0x8CF2      	BSF         INTCON, 6 
;garage.c,199 :: 		INTCON.TMR0IF = 0;
0x0222	0x94F2      	BCF         INTCON, 2 
;garage.c,200 :: 		INTCON.TMR0IE = 1;
0x0224	0x8AF2      	BSF         INTCON, 5 
;garage.c,203 :: 		INTCON3.INT1IF = 0;
0x0226	0x90F0      	BCF         INTCON3, 0 
;garage.c,204 :: 		INTCON2.INTEDG1 = 1;
0x0228	0x8AF1      	BSF         INTCON2, 5 
;garage.c,205 :: 		INTCON3.INT1IE = 1;
0x022A	0x86F0      	BSF         INTCON3, 3 
;garage.c,208 :: 		INTCON3.INT2IF = 0;
0x022C	0x92F0      	BCF         INTCON3, 1 
;garage.c,209 :: 		INTCON2.INTEDG2 = 1;
0x022E	0x88F1      	BSF         INTCON2, 4 
;garage.c,210 :: 		INTCON3.INT2IE = 1;
0x0230	0x88F0      	BSF         INTCON3, 4 
;garage.c,211 :: 		}
L_end_Interrupt_Init:
0x0232	0x0012      	RETURN      0
; end of _Interrupt_Init
_Flags_Init:
;garage.c,123 :: 		void Flags_Init()
;garage.c,125 :: 		start_state = 0;
0x0234	0x9216      	BCF         _start_state, BitPos(_start_state+0) 
;garage.c,126 :: 		start_state2 = 0;
0x0236	0x9016      	BCF         _start_state2, BitPos(_start_state2+0) 
;garage.c,127 :: 		mode = 0;
0x0238	0x6A18      	CLRF        _mode 
;garage.c,128 :: 		door_down = 0;
0x023A	0x9C16      	BCF         _door_down, BitPos(_door_down+0) 
;garage.c,129 :: 		door_up = 0;
0x023C	0x9019      	BCF         _door_up, BitPos(_door_up+0) 
;garage.c,130 :: 		slow_opening = 0;
0x023E	0x9E16      	BCF         _slow_opening, BitPos(_slow_opening+0) 
;garage.c,131 :: 		slow_closing = 0;
0x0240	0x9A16      	BCF         _slow_closing, BitPos(_slow_closing+0) 
;garage.c,132 :: 		zoneA = 1;
0x0242	0x8616      	BSF         _zoneA, BitPos(_zoneA+0) 
;garage.c,133 :: 		zoneB = 0;
0x0244	0x9416      	BCF         _zoneB, BitPos(_zoneB+0) 
;garage.c,134 :: 		zoneC = 0;
0x0246	0x9816      	BCF         _zoneC, BitPos(_zoneC+0) 
;garage.c,135 :: 		}
L_end_Flags_Init:
0x0248	0x0012      	RETURN      0
; end of _Flags_Init
_Button:
;__Lib_Button.c,6 :: 		
;__Lib_Button.c,8 :: 		
0x024A	0x6A20      	CLRF        Button_rslt_L0 
;__Lib_Button.c,11 :: 		
0x024C	0xF001C01C  	MOVFF       FARG_Button_pin, R1
0x0250	0x0E01      	MOVLW       1
0x0252	0x6E00      	MOVWF       R0 
0x0254	0x5001      	MOVF        R1, 0 
L__Button5:
0x0256	0xE004      	BZ          L__Button6
0x0258	0x3600      	RLCF        R0, 1 
0x025A	0x9000      	BCF         R0, 0 
0x025C	0x0FFF      	ADDLW       255
0x025E	0xD7FB      	BRA         L__Button5
L__Button6:
0x0260	0xF01FC000  	MOVFF       R0, Button_pMask_L0
;__Lib_Button.c,13 :: 		
0x0264	0xFFE9C01A  	MOVFF       FARG_Button_port, FSR0L
0x0268	0xFFEAC01B  	MOVFF       FARG_Button_port+1, FSR0H
0x026C	0x5000      	MOVF        R0, 0 
0x026E	0x14EE      	ANDWF       POSTINC0, 0 
0x0270	0x6E01      	MOVWF       R1 
0x0272	0x5201      	MOVF        R1, 1 
0x0274	0x0E01      	MOVLW       1
0x0276	0xA4D8      	BTFSS       STATUS, 2 
0x0278	0x0E00      	MOVLW       0
0x027A	0x6E00      	MOVWF       R0 
0x027C	0x501E      	MOVF        FARG_Button_active_state, 0 
0x027E	0x1A00      	XORWF       R0, 1 
0x0280	0xE018      	BZ          L_Button0
;__Lib_Button.c,15 :: 		
L_Button1:
0x0282	0x501D      	MOVF        FARG_Button_time_ms, 0 
0x0284	0x0800      	SUBLW       0
0x0286	0xE204      	BC          L_Button2
;__Lib_Button.c,16 :: 		
0x0288	0xDF39      	RCALL       _Delay_500us
;__Lib_Button.c,17 :: 		
0x028A	0xDF38      	RCALL       _Delay_500us
;__Lib_Button.c,18 :: 		
0x028C	0x061D      	DECF        FARG_Button_time_ms, 1 
;__Lib_Button.c,19 :: 		
0x028E	0xD7F9      	BRA         L_Button1
L_Button2:
;__Lib_Button.c,21 :: 		
0x0290	0xFFE9C01A  	MOVFF       FARG_Button_port, FSR0L
0x0294	0xFFEAC01B  	MOVFF       FARG_Button_port+1, FSR0H
0x0298	0x501F      	MOVF        Button_pMask_L0, 0 
0x029A	0x14EE      	ANDWF       POSTINC0, 0 
0x029C	0x6E01      	MOVWF       R1 
0x029E	0x5201      	MOVF        R1, 1 
0x02A0	0x0E01      	MOVLW       1
0x02A2	0xA4D8      	BTFSS       STATUS, 2 
0x02A4	0x0E00      	MOVLW       0
0x02A6	0x6E00      	MOVWF       R0 
0x02A8	0x501E      	MOVF        FARG_Button_active_state, 0 
0x02AA	0x1A00      	XORWF       R0, 1 
0x02AC	0xE002      	BZ          L_Button3
;__Lib_Button.c,22 :: 		
0x02AE	0x0EFF      	MOVLW       255
0x02B0	0x6E20      	MOVWF       Button_rslt_L0 
L_Button3:
;__Lib_Button.c,23 :: 		
L_Button0:
;__Lib_Button.c,25 :: 		
0x02B2	0xF000C020  	MOVFF       Button_rslt_L0, R0
;__Lib_Button.c,26 :: 		
L_end_Button:
0x02B6	0x0012      	RETURN      0
; end of _Button
_Lights_On:
;garage.c,225 :: 		void Lights_On()
;garage.c,227 :: 		BULB = 1;
0x02B8	0x8689      	BSF         LATA, 3 
;garage.c,228 :: 		LED_LIGHT1 = 1;
0x02BA	0x8289      	BSF         LATA, 1 
;garage.c,229 :: 		LED_LIGHT2 = 1;
0x02BC	0x8489      	BSF         LATA, 2 
;garage.c,232 :: 		Timer_Start();
0x02BE	0xDF29      	RCALL       _Timer_Start
;garage.c,233 :: 		}
L_end_Lights_On:
0x02C0	0x0012      	RETURN      0
; end of _Lights_On
_Door_Close:
;garage.c,170 :: 		void Door_Close()
;garage.c,172 :: 		BRIDGE1_ENABLE = 1;
0x02C2	0x8A8A      	BSF         LATB, 5 
;garage.c,173 :: 		BRIDGE2_ENABLE = 1;
0x02C4	0x828C      	BSF         LATD, 1 
;garage.c,175 :: 		PWM2_Set_Duty(90);
0x02C6	0x0E5A      	MOVLW       90
0x02C8	0x6E21      	MOVWF       FARG_PWM2_Set_Duty_new_duty 
0x02CA	0xDF32      	RCALL       _PWM2_Set_Duty
;garage.c,176 :: 		PWM2_Start();
0x02CC	0xDF67      	RCALL       _PWM2_Start
;garage.c,177 :: 		}
L_end_Door_Close:
0x02CE	0x0012      	RETURN      0
; end of _Door_Close
_Door_Open:
;garage.c,150 :: 		void Door_Open()
;garage.c,152 :: 		BRIDGE1_ENABLE = 1;
0x02D0	0x8A8A      	BSF         LATB, 5 
;garage.c,153 :: 		BRIDGE2_ENABLE = 1;
0x02D2	0x828C      	BSF         LATD, 1 
;garage.c,155 :: 		PWM1_Set_Duty(90);
0x02D4	0x0E5A      	MOVLW       90
0x02D6	0x6E21      	MOVWF       FARG_PWM1_Set_Duty_new_duty 
0x02D8	0xDEDB      	RCALL       _PWM1_Set_Duty
;garage.c,156 :: 		PWM1_Start();
0x02DA	0xDF65      	RCALL       _PWM1_Start
;garage.c,157 :: 		}
L_end_Door_Open:
0x02DC	0x0012      	RETURN      0
; end of _Door_Open
_Door_Open_Slow:
;garage.c,160 :: 		void Door_Open_Slow()
;garage.c,162 :: 		BRIDGE1_ENABLE = 1;
0x02DE	0x8A8A      	BSF         LATB, 5 
;garage.c,163 :: 		BRIDGE2_ENABLE = 1;
0x02E0	0x828C      	BSF         LATD, 1 
;garage.c,165 :: 		PWM1_Set_Duty(80);
0x02E2	0x0E50      	MOVLW       80
0x02E4	0x6E21      	MOVWF       FARG_PWM1_Set_Duty_new_duty 
0x02E6	0xDED4      	RCALL       _PWM1_Set_Duty
;garage.c,166 :: 		PWM1_Start();
0x02E8	0xDF5E      	RCALL       _PWM1_Start
;garage.c,167 :: 		}
L_end_Door_Open_Slow:
0x02EA	0x0012      	RETURN      0
; end of _Door_Open_Slow
_Door_Stop:
;garage.c,138 :: 		void Door_Stop()
;garage.c,140 :: 		PWM1_Stop();
0x02EC	0xDF19      	RCALL       _PWM1_Stop
;garage.c,141 :: 		PWM2_Stop();
0x02EE	0xDECC      	RCALL       _PWM2_Stop
;garage.c,143 :: 		BRIDGE1_ENABLE = 0;
0x02F0	0x9A8A      	BCF         LATB, 5 
;garage.c,144 :: 		BRIDGE2_ENABLE = 0;
0x02F2	0x928C      	BCF         LATD, 1 
;garage.c,145 :: 		DIRECTION1 = 0;
0x02F4	0x948B      	BCF         LATC, 2 
;garage.c,146 :: 		DIRECTION2 = 0;
0x02F6	0x928B      	BCF         LATC, 1 
;garage.c,147 :: 		}
L_end_Door_Stop:
0x02F8	0x0012      	RETURN      0
; end of _Door_Stop
_main:
;garage.c,236 :: 		void main() {
;garage.c,238 :: 		cnt = 0;
0x02FA	0x6A17      	CLRF        _cnt 
;garage.c,240 :: 		MCU_Init();
0x02FC	0xDF67      	RCALL       _MCU_Init
;garage.c,241 :: 		Flags_Init();
0x02FE	0xDF9A      	RCALL       _Flags_Init
;garage.c,242 :: 		Interrupt_Init();
0x0300	0xDF8E      	RCALL       _Interrupt_Init
;garage.c,244 :: 		Sleep_Start();
0x0302	0xDF61      	RCALL       _Sleep_Start
;garage.c,246 :: 		while(1)
L_main5:
;garage.c,267 :: 		if (Button(&PORTB, 1, 1, 1))
0x0304	0x0E81      	MOVLW       PORTB
0x0306	0x6E1A      	MOVWF       FARG_Button_port 
0x0308	0x0E0F      	MOVLW       hi_addr(PORTB)
0x030A	0x6E1B      	MOVWF       FARG_Button_port+1 
0x030C	0x0E01      	MOVLW       1
0x030E	0x6E1C      	MOVWF       FARG_Button_pin 
0x0310	0x0E01      	MOVLW       1
0x0312	0x6E1D      	MOVWF       FARG_Button_time_ms 
0x0314	0x0E01      	MOVLW       1
0x0316	0x6E1E      	MOVWF       FARG_Button_active_state 
0x0318	0xDF98      	RCALL       _Button
0x031A	0x5200      	MOVF        R0, 1 
0x031C	0xA4D8      	BTFSS       STATUS, 2 
;garage.c,269 :: 		start_state = 1;
0x031E	0x8216      	BSF         _start_state, BitPos(_start_state+0) 
;garage.c,270 :: 		}
L_main7:
;garage.c,271 :: 		if (start_state && Button(&PORTB, 1, 1, 0))
0x0320	0xA216      	BTFSS       _start_state, BitPos(_start_state+0) 
0x0322	0xD01C      	BRA         L_main10
0x0324	0x0E81      	MOVLW       PORTB
0x0326	0x6E1A      	MOVWF       FARG_Button_port 
0x0328	0x0E0F      	MOVLW       hi_addr(PORTB)
0x032A	0x6E1B      	MOVWF       FARG_Button_port+1 
0x032C	0x0E01      	MOVLW       1
0x032E	0x6E1C      	MOVWF       FARG_Button_pin 
0x0330	0x0E01      	MOVLW       1
0x0332	0x6E1D      	MOVWF       FARG_Button_time_ms 
0x0334	0x6A1E      	CLRF        FARG_Button_active_state 
0x0336	0xDF89      	RCALL       _Button
0x0338	0x5200      	MOVF        R0, 1 
0x033A	0xE010      	BZ          L_main10
L__main76:
;garage.c,273 :: 		if(mode >= 0 && mode < 3)
0x033C	0x0E00      	MOVLW       0
0x033E	0x5C18      	SUBWF       _mode, 0 
0x0340	0xE305      	BNC         L_main13
0x0342	0x0E03      	MOVLW       3
0x0344	0x5C18      	SUBWF       _mode, 0 
0x0346	0xE202      	BC          L_main13
L__main75:
;garage.c,275 :: 		mode ++;
0x0348	0x2A18      	INCF        _mode, 1 
;garage.c,276 :: 		}
0x034A	0xD006      	BRA         L_main14
L_main13:
;garage.c,277 :: 		else if(mode == 3)
0x034C	0x5018      	MOVF        _mode, 0 
0x034E	0x0A03      	XORLW       3
0x0350	0xE102      	BNZ         L_main15
;garage.c,279 :: 		mode = 0;
0x0352	0x6A18      	CLRF        _mode 
;garage.c,280 :: 		}
0x0354	0xD001      	BRA         L_main16
L_main15:
;garage.c,283 :: 		mode = 0;
0x0356	0x6A18      	CLRF        _mode 
;garage.c,284 :: 		}
L_main16:
L_main14:
;garage.c,285 :: 		Lights_On();
0x0358	0xDFAF      	RCALL       _Lights_On
;garage.c,286 :: 		start_state = 0;
0x035A	0x9216      	BCF         _start_state, BitPos(_start_state+0) 
;garage.c,287 :: 		}
L_main10:
;garage.c,290 :: 		if (Button(&PORTB, 2, 1, 1))
0x035C	0x0E81      	MOVLW       PORTB
0x035E	0x6E1A      	MOVWF       FARG_Button_port 
0x0360	0x0E0F      	MOVLW       hi_addr(PORTB)
0x0362	0x6E1B      	MOVWF       FARG_Button_port+1 
0x0364	0x0E02      	MOVLW       2
0x0366	0x6E1C      	MOVWF       FARG_Button_pin 
0x0368	0x0E01      	MOVLW       1
0x036A	0x6E1D      	MOVWF       FARG_Button_time_ms 
0x036C	0x0E01      	MOVLW       1
0x036E	0x6E1E      	MOVWF       FARG_Button_active_state 
0x0370	0xDF6C      	RCALL       _Button
0x0372	0x5200      	MOVF        R0, 1 
0x0374	0xA4D8      	BTFSS       STATUS, 2 
;garage.c,292 :: 		start_state2 = 1;
0x0376	0x8016      	BSF         _start_state2, BitPos(_start_state2+0) 
;garage.c,293 :: 		}
L_main17:
;garage.c,294 :: 		if (start_state2 && Button(&PORTB, 2, 1, 0))
0x0378	0xA016      	BTFSS       _start_state2, BitPos(_start_state2+0) 
0x037A	0xD01C      	BRA         L_main20
0x037C	0x0E81      	MOVLW       PORTB
0x037E	0x6E1A      	MOVWF       FARG_Button_port 
0x0380	0x0E0F      	MOVLW       hi_addr(PORTB)
0x0382	0x6E1B      	MOVWF       FARG_Button_port+1 
0x0384	0x0E02      	MOVLW       2
0x0386	0x6E1C      	MOVWF       FARG_Button_pin 
0x0388	0x0E01      	MOVLW       1
0x038A	0x6E1D      	MOVWF       FARG_Button_time_ms 
0x038C	0x6A1E      	CLRF        FARG_Button_active_state 
0x038E	0xDF5D      	RCALL       _Button
0x0390	0x5200      	MOVF        R0, 1 
0x0392	0xE010      	BZ          L_main20
L__main74:
;garage.c,296 :: 		if(mode >= 0 && mode < 3)
0x0394	0x0E00      	MOVLW       0
0x0396	0x5C18      	SUBWF       _mode, 0 
0x0398	0xE305      	BNC         L_main23
0x039A	0x0E03      	MOVLW       3
0x039C	0x5C18      	SUBWF       _mode, 0 
0x039E	0xE202      	BC          L_main23
L__main73:
;garage.c,298 :: 		mode ++;
0x03A0	0x2A18      	INCF        _mode, 1 
;garage.c,299 :: 		}
0x03A2	0xD006      	BRA         L_main24
L_main23:
;garage.c,300 :: 		else if(mode == 3)
0x03A4	0x5018      	MOVF        _mode, 0 
0x03A6	0x0A03      	XORLW       3
0x03A8	0xE102      	BNZ         L_main25
;garage.c,302 :: 		mode = 0;
0x03AA	0x6A18      	CLRF        _mode 
;garage.c,303 :: 		}
0x03AC	0xD001      	BRA         L_main26
L_main25:
;garage.c,306 :: 		mode = 0;
0x03AE	0x6A18      	CLRF        _mode 
;garage.c,307 :: 		}
L_main26:
L_main24:
;garage.c,308 :: 		Lights_On();
0x03B0	0xDF83      	RCALL       _Lights_On
;garage.c,309 :: 		start_state2 = 0;
0x03B2	0x9016      	BCF         _start_state2, BitPos(_start_state2+0) 
;garage.c,310 :: 		}
L_main20:
;garage.c,313 :: 		if(Button(&PORTB, 4, 1, 1))
0x03B4	0x0E81      	MOVLW       PORTB
0x03B6	0x6E1A      	MOVWF       FARG_Button_port 
0x03B8	0x0E0F      	MOVLW       hi_addr(PORTB)
0x03BA	0x6E1B      	MOVWF       FARG_Button_port+1 
0x03BC	0x0E04      	MOVLW       4
0x03BE	0x6E1C      	MOVWF       FARG_Button_pin 
0x03C0	0x0E01      	MOVLW       1
0x03C2	0x6E1D      	MOVWF       FARG_Button_time_ms 
0x03C4	0x0E01      	MOVLW       1
0x03C6	0x6E1E      	MOVWF       FARG_Button_active_state 
0x03C8	0xDF40      	RCALL       _Button
0x03CA	0x5200      	MOVF        R0, 1 
0x03CC	0xA4D8      	BTFSS       STATUS, 2 
;garage.c,315 :: 		door_down = 1;
0x03CE	0x8C16      	BSF         _door_down, BitPos(_door_down+0) 
;garage.c,316 :: 		}
L_main27:
;garage.c,317 :: 		if(door_down && Button(&PORTB, 4, 1, 0))
0x03D0	0xAC16      	BTFSS       _door_down, BitPos(_door_down+0) 
0x03D2	0xD00D      	BRA         L_main30
0x03D4	0x0E81      	MOVLW       PORTB
0x03D6	0x6E1A      	MOVWF       FARG_Button_port 
0x03D8	0x0E0F      	MOVLW       hi_addr(PORTB)
0x03DA	0x6E1B      	MOVWF       FARG_Button_port+1 
0x03DC	0x0E04      	MOVLW       4
0x03DE	0x6E1C      	MOVWF       FARG_Button_pin 
0x03E0	0x0E01      	MOVLW       1
0x03E2	0x6E1D      	MOVWF       FARG_Button_time_ms 
0x03E4	0x6A1E      	CLRF        FARG_Button_active_state 
0x03E6	0xDF31      	RCALL       _Button
0x03E8	0x5200      	MOVF        R0, 1 
0x03EA	0xA4D8      	BTFSS       STATUS, 2 
L__main72:
;garage.c,319 :: 		door_down = 0;
0x03EC	0x9C16      	BCF         _door_down, BitPos(_door_down+0) 
;garage.c,320 :: 		}
L_main30:
;garage.c,322 :: 		if(Button(&PORTB, 3, 1, 1))
0x03EE	0x0E81      	MOVLW       PORTB
0x03F0	0x6E1A      	MOVWF       FARG_Button_port 
0x03F2	0x0E0F      	MOVLW       hi_addr(PORTB)
0x03F4	0x6E1B      	MOVWF       FARG_Button_port+1 
0x03F6	0x0E03      	MOVLW       3
0x03F8	0x6E1C      	MOVWF       FARG_Button_pin 
0x03FA	0x0E01      	MOVLW       1
0x03FC	0x6E1D      	MOVWF       FARG_Button_time_ms 
0x03FE	0x0E01      	MOVLW       1
0x0400	0x6E1E      	MOVWF       FARG_Button_active_state 
0x0402	0xDF23      	RCALL       _Button
0x0404	0x5200      	MOVF        R0, 1 
0x0406	0xA4D8      	BTFSS       STATUS, 2 
;garage.c,324 :: 		door_up = 1;
0x0408	0x8019      	BSF         _door_up, BitPos(_door_up+0) 
;garage.c,325 :: 		}
L_main31:
;garage.c,326 :: 		if(door_up && Button(&PORTB, 3, 1, 0))
0x040A	0xA019      	BTFSS       _door_up, BitPos(_door_up+0) 
0x040C	0xD00D      	BRA         L_main34
0x040E	0x0E81      	MOVLW       PORTB
0x0410	0x6E1A      	MOVWF       FARG_Button_port 
0x0412	0x0E0F      	MOVLW       hi_addr(PORTB)
0x0414	0x6E1B      	MOVWF       FARG_Button_port+1 
0x0416	0x0E03      	MOVLW       3
0x0418	0x6E1C      	MOVWF       FARG_Button_pin 
0x041A	0x0E01      	MOVLW       1
0x041C	0x6E1D      	MOVWF       FARG_Button_time_ms 
0x041E	0x6A1E      	CLRF        FARG_Button_active_state 
0x0420	0xDF14      	RCALL       _Button
0x0422	0x5200      	MOVF        R0, 1 
0x0424	0xA4D8      	BTFSS       STATUS, 2 
L__main71:
;garage.c,328 :: 		door_up = 0;
0x0426	0x9019      	BCF         _door_up, BitPos(_door_up+0) 
;garage.c,329 :: 		}
L_main34:
;garage.c,332 :: 		if(Button(&PORTE, 0, 1, 1))
0x0428	0x0E84      	MOVLW       PORTE
0x042A	0x6E1A      	MOVWF       FARG_Button_port 
0x042C	0x0E0F      	MOVLW       hi_addr(PORTE)
0x042E	0x6E1B      	MOVWF       FARG_Button_port+1 
0x0430	0x6A1C      	CLRF        FARG_Button_pin 
0x0432	0x0E01      	MOVLW       1
0x0434	0x6E1D      	MOVWF       FARG_Button_time_ms 
0x0436	0x0E01      	MOVLW       1
0x0438	0x6E1E      	MOVWF       FARG_Button_active_state 
0x043A	0xDF07      	RCALL       _Button
0x043C	0x5200      	MOVF        R0, 1 
0x043E	0xE006      	BZ          L_main35
;garage.c,334 :: 		slow_closing = 1;
0x0440	0x8A16      	BSF         _slow_closing, BitPos(_slow_closing+0) 
;garage.c,336 :: 		if(mode == 3)
0x0442	0x5018      	MOVF        _mode, 0 
0x0444	0x0A03      	XORLW       3
0x0446	0xE102      	BNZ         L_main36
;garage.c,338 :: 		zoneA = 1;
0x0448	0x8616      	BSF         _zoneA, BitPos(_zoneA+0) 
;garage.c,339 :: 		zoneB = 0;
0x044A	0x9416      	BCF         _zoneB, BitPos(_zoneB+0) 
;garage.c,340 :: 		}
L_main36:
;garage.c,341 :: 		}
L_main35:
;garage.c,343 :: 		if(slow_closing && Button(&PORTE, 0, 1, 0))
0x044C	0xAA16      	BTFSS       _slow_closing, BitPos(_slow_closing+0) 
0x044E	0xD011      	BRA         L_main39
0x0450	0x0E84      	MOVLW       PORTE
0x0452	0x6E1A      	MOVWF       FARG_Button_port 
0x0454	0x0E0F      	MOVLW       hi_addr(PORTE)
0x0456	0x6E1B      	MOVWF       FARG_Button_port+1 
0x0458	0x6A1C      	CLRF        FARG_Button_pin 
0x045A	0x0E01      	MOVLW       1
0x045C	0x6E1D      	MOVWF       FARG_Button_time_ms 
0x045E	0x6A1E      	CLRF        FARG_Button_active_state 
0x0460	0xDEF4      	RCALL       _Button
0x0462	0x5200      	MOVF        R0, 1 
0x0464	0xE006      	BZ          L_main39
L__main70:
;garage.c,346 :: 		if(mode == 1)
0x0466	0x5018      	MOVF        _mode, 0 
0x0468	0x0A01      	XORLW       1
0x046A	0xE102      	BNZ         L_main40
;garage.c,348 :: 		zoneA = 0;
0x046C	0x9616      	BCF         _zoneA, BitPos(_zoneA+0) 
;garage.c,349 :: 		zoneB = 1;
0x046E	0x8416      	BSF         _zoneB, BitPos(_zoneB+0) 
;garage.c,350 :: 		}
L_main40:
;garage.c,351 :: 		slow_closing = 0;
0x0470	0x9A16      	BCF         _slow_closing, BitPos(_slow_closing+0) 
;garage.c,352 :: 		}
L_main39:
;garage.c,355 :: 		if(Button(&PORTE, 1, 1, 1))
0x0472	0x0E84      	MOVLW       PORTE
0x0474	0x6E1A      	MOVWF       FARG_Button_port 
0x0476	0x0E0F      	MOVLW       hi_addr(PORTE)
0x0478	0x6E1B      	MOVWF       FARG_Button_port+1 
0x047A	0x0E01      	MOVLW       1
0x047C	0x6E1C      	MOVWF       FARG_Button_pin 
0x047E	0x0E01      	MOVLW       1
0x0480	0x6E1D      	MOVWF       FARG_Button_time_ms 
0x0482	0x0E01      	MOVLW       1
0x0484	0x6E1E      	MOVWF       FARG_Button_active_state 
0x0486	0xDEE1      	RCALL       _Button
0x0488	0x5200      	MOVF        R0, 1 
0x048A	0xE006      	BZ          L_main41
;garage.c,358 :: 		if(mode == 1)
0x048C	0x5018      	MOVF        _mode, 0 
0x048E	0x0A01      	XORLW       1
0x0490	0xE102      	BNZ         L_main42
;garage.c,360 :: 		zoneB = 0;
0x0492	0x9416      	BCF         _zoneB, BitPos(_zoneB+0) 
;garage.c,361 :: 		zoneC = 1;
0x0494	0x8816      	BSF         _zoneC, BitPos(_zoneC+0) 
;garage.c,362 :: 		}
L_main42:
;garage.c,363 :: 		slow_opening = 1;
0x0496	0x8E16      	BSF         _slow_opening, BitPos(_slow_opening+0) 
;garage.c,364 :: 		}
L_main41:
;garage.c,366 :: 		if(slow_opening && Button(&PORTE, 1, 1, 0))
0x0498	0xAE16      	BTFSS       _slow_opening, BitPos(_slow_opening+0) 
0x049A	0xD012      	BRA         L_main45
0x049C	0x0E84      	MOVLW       PORTE
0x049E	0x6E1A      	MOVWF       FARG_Button_port 
0x04A0	0x0E0F      	MOVLW       hi_addr(PORTE)
0x04A2	0x6E1B      	MOVWF       FARG_Button_port+1 
0x04A4	0x0E01      	MOVLW       1
0x04A6	0x6E1C      	MOVWF       FARG_Button_pin 
0x04A8	0x0E01      	MOVLW       1
0x04AA	0x6E1D      	MOVWF       FARG_Button_time_ms 
0x04AC	0x6A1E      	CLRF        FARG_Button_active_state 
0x04AE	0xDECD      	RCALL       _Button
0x04B0	0x5200      	MOVF        R0, 1 
0x04B2	0xE006      	BZ          L_main45
L__main69:
;garage.c,369 :: 		if(mode == 3)
0x04B4	0x5018      	MOVF        _mode, 0 
0x04B6	0x0A03      	XORLW       3
0x04B8	0xE102      	BNZ         L_main46
;garage.c,371 :: 		zoneB = 1;
0x04BA	0x8416      	BSF         _zoneB, BitPos(_zoneB+0) 
;garage.c,372 :: 		zoneC = 0;
0x04BC	0x9816      	BCF         _zoneC, BitPos(_zoneC+0) 
;garage.c,373 :: 		}
L_main46:
;garage.c,374 :: 		slow_opening = 0;
0x04BE	0x9E16      	BCF         _slow_opening, BitPos(_slow_opening+0) 
;garage.c,375 :: 		}
L_main45:
;garage.c,380 :: 		if(mode == 0)
0x04C0	0x5018      	MOVF        _mode, 0 
0x04C2	0x0A00      	XORLW       0
0x04C4	0xE101      	BNZ         L_main47
;garage.c,382 :: 		Door_Stop();
0x04C6	0xDF12      	RCALL       _Door_Stop
;garage.c,383 :: 		}
L_main47:
;garage.c,385 :: 		if(mode == 1)
0x04C8	0x5018      	MOVF        _mode, 0 
0x04CA	0x0A01      	XORLW       1
0x04CC	0xE10E      	BNZ         L_main48
;garage.c,388 :: 		if(!zoneC && !door_up)
0x04CE	0xB816      	BTFSC       _zoneC, BitPos(_zoneC+0) 
0x04D0	0xD003      	BRA         L_main51
0x04D2	0xB019      	BTFSC       _door_up, BitPos(_door_up+0) 
0x04D4	0xD001      	BRA         L_main51
L__main68:
;garage.c,390 :: 		Door_Open();
0x04D6	0xDEFC      	RCALL       _Door_Open
;garage.c,391 :: 		}
L_main51:
;garage.c,393 :: 		if(zoneC && !door_up)
0x04D8	0xA816      	BTFSS       _zoneC, BitPos(_zoneC+0) 
0x04DA	0xD003      	BRA         L_main54
0x04DC	0xB019      	BTFSC       _door_up, BitPos(_door_up+0) 
0x04DE	0xD001      	BRA         L_main54
L__main67:
;garage.c,395 :: 		Door_Open_Slow();
0x04E0	0xDEFE      	RCALL       _Door_Open_Slow
;garage.c,396 :: 		}
L_main54:
;garage.c,397 :: 		if(door_up)
0x04E2	0xA019      	BTFSS       _door_up, BitPos(_door_up+0) 
0x04E4	0xD002      	BRA         L_main55
;garage.c,399 :: 		mode = 2;
0x04E6	0x0E02      	MOVLW       2
0x04E8	0x6E18      	MOVWF       _mode 
;garage.c,400 :: 		}
L_main55:
;garage.c,401 :: 		}
L_main48:
;garage.c,403 :: 		if(mode == 2)
0x04EA	0x5018      	MOVF        _mode, 0 
0x04EC	0x0A02      	XORLW       2
0x04EE	0xE101      	BNZ         L_main56
;garage.c,405 :: 		Door_Stop();
0x04F0	0xDEFD      	RCALL       _Door_Stop
;garage.c,406 :: 		}
L_main56:
;garage.c,408 :: 		if(mode == 3)
0x04F2	0x5018      	MOVF        _mode, 0 
0x04F4	0x0A03      	XORLW       3
0x04F6	0xE10C      	BNZ         L_main57
;garage.c,411 :: 		if(!zoneA && !door_down)
0x04F8	0xB616      	BTFSC       _zoneA, BitPos(_zoneA+0) 
0x04FA	0xD003      	BRA         L_main60
0x04FC	0xBC16      	BTFSC       _door_down, BitPos(_door_down+0) 
0x04FE	0xD001      	BRA         L_main60
L__main66:
;garage.c,413 :: 		Door_Close();
0x0500	0xDEE0      	RCALL       _Door_Close
;garage.c,414 :: 		}
L_main60:
;garage.c,416 :: 		if(zoneA && !door_down)
0x0502	0xA616      	BTFSS       _zoneA, BitPos(_zoneA+0) 
0x0504	0xD003      	BRA         L_main63
0x0506	0xBC16      	BTFSC       _door_down, BitPos(_door_down+0) 
0x0508	0xD001      	BRA         L_main63
L__main65:
;garage.c,418 :: 		Door_Close_Slow();
0x050A	0xDE56      	RCALL       _Door_Close_Slow
;garage.c,419 :: 		}
L_main63:
;garage.c,420 :: 		if(door_down)
0x050C	0xBC16      	BTFSC       _door_down, BitPos(_door_down+0) 
;garage.c,422 :: 		mode = 0;
0x050E	0x6A18      	CLRF        _mode 
;garage.c,423 :: 		}
L_main64:
;garage.c,424 :: 		}
L_main57:
;garage.c,426 :: 		}//while loop
0x0510	0xD6F9      	BRA         L_main5
;garage.c,428 :: 		}// main loop
L_end_main:
0x0512	0xD7FF      	BRA         $+0
; end of _main
Symbol List:
//** Routines locations **
//ADDRESS    SIZE    PROCEDURE
//----------------------------------------------
0x0008      [48]    _interrupt
0x0038      [80]    _Mul_16X16_U
0x0088       [8]    _PWM2_Stop
0x0090     [108]    _PWM1_Set_Duty
0x00FC      [22]    _Delay_500us
0x0112      [14]    _Timer_Start
0x0120       [8]    _PWM1_Stop
0x0128       [8]    _PWM1_Init
0x0130     [108]    _PWM2_Set_Duty
0x019C      [10]    _PWM2_Start
0x01A6      [10]    _PWM1_Start
0x01B0       [8]    _PWM2_Init
0x01B8      [14]    _Door_Close_Slow
0x01C6       [6]    _Sleep_Start
0x01CC      [82]    _MCU_Init
0x021E      [22]    _Interrupt_Init
0x0234      [22]    _Flags_Init
0x024A     [110]    _Button
0x02B8      [10]    _Lights_On
0x02C2      [14]    _Door_Close
0x02D0      [14]    _Door_Open
0x02DE      [14]    _Door_Open_Slow
0x02EC      [14]    _Door_Stop
0x02FA     [538]    _main
//** Variables locations ** 
//ADDRESS    SIZE    VARIABLE
//----------------------------------------------
0x0000       [1]    R0
0x0001       [1]    R1
0x0002       [1]    R2
0x0003       [1]    R3
0x0004       [1]    R4
0x0005       [1]    R5
0x0006       [1]    R6
0x0007       [1]    R7
0x0008       [1]    R8
0x0009       [1]    R9
0x000A       [1]    R10
0x000B       [1]    R11
0x000C       [1]    R12
0x000D       [1]    R13
0x000E       [1]    R14
0x000F       [1]    R15
0x0010       [1]    R16
0x0011       [1]    R17
0x0012       [1]    R18
0x0013       [1]    R19
0x0014       [1]    R20
0x0016       [0]    _door_down
0x0016       [0]    _slow_opening
0x0016       [0]    _start_state
0x0016       [0]    _start_state2
0x0016       [0]    _slow_closing
0x0016       [0]    _zoneA
0x0016       [0]    _zoneB
0x0016       [0]    _zoneC
0x0017       [1]    _cnt
0x0018       [1]    _mode
0x0019       [0]    _door_up
0x001A       [2]    FARG_Button_port
0x001C       [1]    FARG_Button_pin
0x001D       [1]    FARG_Button_time_ms
0x001E       [1]    FARG_Button_active_state
0x001F       [1]    Button_pMask_L0
0x0020       [1]    Button_rslt_L0
0x0021       [4]    FARG_PWM1_Init_PWM_Freq
0x0021       [1]    FARG_PWM2_Set_Duty_new_duty
0x0021       [4]    FARG_PWM2_Init_PWM_Freq
0x0021       [1]    FARG_PWM1_Set_Duty_new_duty
0x0F38       [1]    ANSELA
0x0F39       [1]    ANSELB
0x0F3A       [1]    ANSELC
0x0F3B       [1]    ANSELD
0x0F3C       [1]    ANSELE
0x0F66       [1]    CCP2CON
0x0F67       [1]    CCPR2L
0x0F81       [1]    PORTB
0x0F84       [1]    PORTE
0x0F89       [0]    LED_LIGHT2
0x0F89       [0]    LED_LIGHT1
0x0F89       [0]    BULB
0x0F89       [1]    LATA
0x0F8A       [0]    BRIDGE1_ENABLE
0x0F8A       [1]    LATB
0x0F8B       [0]    DIRECTION1
0x0F8B       [0]    DIRECTION2
0x0F8B       [1]    LATC
0x0F8C       [0]    BRIDGE2_ENABLE
0x0F8C       [1]    LATD
0x0F8D       [1]    LATE
0x0F92       [1]    TRISA
0x0F93       [1]    TRISB
0x0F94       [0]    TRISC1_bit
0x0F94       [0]    TRISC2_bit
0x0F94       [1]    TRISC
0x0F95       [1]    TRISD
0x0F96       [1]    TRISE
0x0FBA       [1]    T2CON
0x0FBB       [1]    PR2
0x0FBD       [1]    CCP1CON
0x0FBE       [1]    CCPR1L
0x0FD3       [1]    OSCCON
0x0FD5       [1]    T0CON
0x0FD6       [1]    TMR0L
0x0FD7       [1]    TMR0H
0x0FD8       [1]    STATUS
0x0FD9       [1]    FSR2L
0x0FDA       [1]    FSR2H
0x0FDE       [1]    POSTINC2
0x0FE0       [1]    BSR
0x0FE1       [1]    FSR1L
0x0FE2       [1]    FSR1H
0x0FE4       [1]    PREINC1
0x0FE6       [1]    POSTINC1
0x0FE7       [1]    INDF1
0x0FE8       [1]    WREG
0x0FE9       [1]    FSR0L
0x0FEA       [1]    FSR0H
0x0FEE       [1]    POSTINC0
0x0FF0       [1]    INTCON3
0x0FF1       [1]    INTCON2
0x0FF2       [1]    INTCON
0x0FF3       [1]    PRODL
0x0FF4       [1]    PRODH
0x0FF5       [1]    TABLAT
0x0FF6       [1]    TBLPTRL
0x0FF7       [1]    TBLPTRH
0x0FF8       [1]    TBLPTRU
